[debug] [2025-06-29T05:17:23.498Z] ----------------------------------------------------------------------
[debug] [2025-06-29T05:17:23.500Z] Command:       /Users/entaku/.nvm/versions/node/v22.15.0/bin/node /Users/entaku/.nvm/versions/node/v22.15.0/bin/firebase emulators:start --only functions
[debug] [2025-06-29T05:17:23.501Z] CLI Version:   14.2.2
[debug] [2025-06-29T05:17:23.501Z] Platform:      darwin
[debug] [2025-06-29T05:17:23.501Z] Node Version:  v22.15.0
[debug] [2025-06-29T05:17:23.501Z] Time:          Sun Jun 29 2025 14:17:23 GMT+0900 (日本標準時)
[debug] [2025-06-29T05:17:23.501Z] ----------------------------------------------------------------------
[debug] 
[warn] ⚠  functions: The functions emulator is configured but there is no functions source directory. Have you run firebase init functions? {"metadata":{"emulator":{"name":"functions"},"message":"The functions emulator is configured but there is no functions source directory. Have you run firebase init functions?"}}
[debug] [2025-06-29T05:17:23.533Z] > command requires scopes: ["email","openid","https://www.googleapis.com/auth/cloudplatformprojects.readonly","https://www.googleapis.com/auth/firebase","https://www.googleapis.com/auth/cloud-platform"]
[debug] [2025-06-29T05:17:23.533Z] > authorizing via signed-in user (entaku19890818@gmail.com)
[warn] ⚠  Could not find config (firebase.json) so using defaults. 
[info] i  emulators: Starting emulators: functions {"metadata":{"emulator":{"name":"hub"},"message":"Starting emulators: functions"}}
[debug] [2025-06-29T05:17:23.809Z] [logging] Logging Emulator only supports listening on one address (127.0.0.1). Not listening on ::1
[debug] [2025-06-29T05:17:23.809Z] assigned listening specs for emulators {"user":{"logging":[{"address":"127.0.0.1","family":"IPv4","port":4500}]},"metadata":{"message":"assigned listening specs for emulators"}}
[warn] ⚠  functions: The functions emulator is configured but there is no functions source directory. Have you run firebase init functions? {"metadata":{"emulator":{"name":"functions"},"message":"The functions emulator is configured but there is no functions source directory. Have you run firebase init functions?"}}
[warn] ⚠  emulators: The Emulator UI is not starting, either because none of the running emulators have a UI component or the Emulator UI cannot determine the Project ID. Pass the --project flag to specify a project. {"metadata":{"emulator":{"name":"hub"},"message":"The Emulator UI is not starting, either because none of the running emulators have a UI component or the Emulator UI cannot determine the Project ID. Pass the --project flag to specify a project."}}
[debug] [2025-06-29T05:17:23.822Z] Could not find VSCode notification endpoint: FetchError: request to http://localhost:40001/vscode/notify failed, reason: . If you are not running the Firebase Data Connect VSCode extension, this is expected and not an issue.
[info] 
┌─────────────────────────────────────────────────────────────┐
│ ✔  All emulators ready! It is now safe to connect your app. │
└─────────────────────────────────────────────────────────────┘

┌───────────┬──────────────────────────────────┐
│ Emulator  │ Host:Port                        │
├───────────┼──────────────────────────────────┤
│ Functions │ Failed to initialize (see above) │
└───────────┴──────────────────────────────────┘
  Emulator Hub not running.
  Other reserved ports: 4500

Issues? Report them at https://github.com/firebase/firebase-tools/issues and attach the *-debug.log files.
 
